<?xml version="1.0" encoding="UTF-8"?>
<testng-results ignored="0" total="2" passed="2" failed="0" skipped="0">
  <reporter-output>
  </reporter-output>
  <suite started-at="2025-09-03T16:00:43 IST" name="Default Suite" finished-at="2025-09-03T16:00:43 IST" duration-ms="13">
    <groups>
    </groups>
    <test started-at="2025-09-03T16:00:43 IST" name="Ranium" finished-at="2025-09-03T16:00:43 IST" duration-ms="13">
      <class name="Selenium.Testng">
        <test-method signature="test2()[pri:1, instance:Selenium.Testng@2b72cb8a]" started-at="2025-09-03T16:00:43 IST" name="test2" finished-at="2025-09-03T16:00:43 IST" duration-ms="1" status="PASS">
          <reporter-output>
          </reporter-output>
        </test-method> <!-- test2 -->
        <test-method signature="test1()[pri:2, instance:Selenium.Testng@2b72cb8a]" started-at="2025-09-03T16:00:43 IST" name="test1" finished-at="2025-09-03T16:00:43 IST" duration-ms="0" status="PASS">
          <reporter-output>
          </reporter-output>
        </test-method> <!-- test1 -->
      </class> <!-- Selenium.Testng -->
    </test> <!-- Ranium -->
  </suite> <!-- Default Suite -->
</testng-results>
